Start testing: Feb 10 13:14 CET
----------------------------------------------------------
1/1 Testing: tests_run_bin
1/1 Test: tests_run_bin
Command: "/home/pierrick/Teck2/oop/NanoTekSpice/tests_run_bin"
Directory: /home/pierrick/Teck2/oop/NanoTekSpice
"tests_run_bin" start time: Feb 10 13:14 CET
Output:
----------------------------------------------------------
[====] Synthesis: Tested: 7 | Passing: 7 | Failing: 0 | Crashing: 0 
<end of output>
Test time =   0.05 sec
----------------------------------------------------------
Test Passed.
"tests_run_bin" end time: Feb 10 13:14 CET
"tests_run_bin" time elapsed: 00:00:00
----------------------------------------------------------

End testing: Feb 10 13:14 CET
